{
  "stats": {
    "suites": 1,
    "tests": 1,
    "passes": 1,
    "pending": 0,
    "failures": 0,
    "start": "2023-06-20T14:25:31.111Z",
    "end": "2023-06-20T14:25:37.290Z",
    "duration": 6179,
    "testsRegistered": 1,
    "passPercent": 100,
    "pendingPercent": 0,
    "other": 0,
    "hasOther": false,
    "skipped": 0,
    "hasSkipped": false
  },
  "results": [
    {
      "uuid": "dfe8be79-72de-4058-9172-b44f9a160c2c",
      "title": "",
      "fullFile": "cypress/e2e/homework8.cy.js",
      "file": "cypress/e2e/homework8.cy.js",
      "beforeHooks": [],
      "afterHooks": [],
      "tests": [],
      "suites": [
        {
          "uuid": "93bd60a8-2b56-46cd-9d66-25259696010d",
          "title": "Homework 7",
          "fullFile": "",
          "file": "",
          "beforeHooks": [],
          "afterHooks": [],
          "tests": [
            {
              "title": "Purchase test",
              "fullTitle": "Homework 7 Purchase test",
              "timedOut": null,
              "duration": 6161,
              "state": "passed",
              "speed": "medium",
              "pass": true,
              "fail": false,
              "pending": false,
              "context": null,
              "code": "_HomePage.default.visit();\n_HomePage.default.getLoginOrRegisterButton().click();\n_LoginPage.default.submitLoginForm('timcook4', 'qwerty123');\ncy.location().then(location => {\n  expect(location.href).to.be.eq('https://automationteststore.com/index.php?rt=account/account');\n});\ncy.get('.menu_text').eq(0).should('include.text', 'Welcome back Vitalii');\ncy.get('#categorymenu').contains('Skincare').click();\ncy.get('[class=\"thumbnails row\"]').contains('Eyes').click();\ncy.get('[title=\"Eye master\"]').click();\ncy.get('[class=\"productpagecart\"]').click();\ncy.get('#cart_quantity96').clear().type(2);\ncy.get('#cart_update').click();\ncy.get('#cart_checkout1').click();\ncy.get('#checkout_btn').click();\ncy.get('span[class=\"maintext\"]').should('include.text', ' Your Order Has Been Processed!');\ncy.location().then(location => {\n  expect(location.href).to.be.eq('https://automationteststore.com/index.php?rt=checkout/success');\n});",
              "err": {},
              "uuid": "124e32ba-f3a7-4017-8ba9-d738b5144265",
              "parentUUID": "93bd60a8-2b56-46cd-9d66-25259696010d",
              "isHook": false,
              "skipped": false
            }
          ],
          "suites": [],
          "passes": [
            "124e32ba-f3a7-4017-8ba9-d738b5144265"
          ],
          "failures": [],
          "pending": [],
          "skipped": [],
          "duration": 6161,
          "root": false,
          "rootEmpty": false,
          "_timeout": 2000
        }
      ],
      "passes": [],
      "failures": [],
      "pending": [],
      "skipped": [],
      "duration": 0,
      "root": true,
      "rootEmpty": true,
      "_timeout": 2000
    }
  ],
  "meta": {
    "mocha": {
      "version": "7.0.1"
    },
    "mochawesome": {
      "options": {
        "quiet": false,
        "reportFilename": "mochawesome",
        "saveHtml": false,
        "saveJson": true,
        "consoleReporter": "spec",
        "useInlineDiffs": false,
        "code": true
      },
      "version": "7.1.3"
    },
    "marge": {
      "options": {
        "reportDir": "cypress/results",
        "overwrite": false,
        "html": false,
        "json": true
      },
      "version": "6.2.0"
    }
  }
}